<?xml version="1.0" encoding="UTF-8"?>
<!-- Generated by org.testng.reporters.JUnitXMLReporter -->
<testsuite hostname="zzg_dell" name="Default test" tests="3" failures="0" timestamp="13 Mar 2017 05:50:44 GMT" time="0.8" errors="0">
  <testcase name="testDeleteDbTableByMultiKeys" time="0.073" classname="test.com.tsc9526.monalisa.service.actions.DeleteActionTest"/>
  <testcase name="testDeleteDbTableByPk" time="0.015" classname="test.com.tsc9526.monalisa.service.actions.DeleteActionTest"/>
  <testcase name="testDeleteDbTableByWhere" time="0.018" classname="test.com.tsc9526.monalisa.service.actions.DeleteActionTest"/>
</testsuite> <!-- Default test -->
