<?xml version="1.0" encoding="UTF-8"?>
<!-- Generated by org.testng.reporters.JUnitXMLReporter -->
<testsuite hostname="zzg_dell" name="Command line test" tests="36" failures="0" timestamp="13 Mar 2017 06:20:44 GMT" time="1.172" errors="0">
  <testcase name="testParser1" time="0.012" classname="test.com.tsc9526.monalisa.service.auth.AuthorizationTest"/>
  <testcase name="testParser2" time="0.0" classname="test.com.tsc9526.monalisa.service.auth.AuthorizationTest"/>
  <testcase name="testServlet1" time="0.27" classname="test.com.tsc9526.monalisa.service.servlet.DbWebContainerInitializerTest"/>
  <testcase name="testServlet2" time="0.012" classname="test.com.tsc9526.monalisa.service.servlet.DbWebContainerInitializerTest"/>
  <testcase name="testServlet3" time="0.016" classname="test.com.tsc9526.monalisa.service.servlet.DbWebContainerInitializerTest"/>
  <testcase name="testDeleteDbTableByMultiKeys" time="0.059" classname="test.com.tsc9526.monalisa.service.actions.DeleteActionTest"/>
  <testcase name="testDeleteDbTableByPk" time="0.008" classname="test.com.tsc9526.monalisa.service.actions.DeleteActionTest"/>
  <testcase name="testDeleteDbTableByWhere" time="0.007" classname="test.com.tsc9526.monalisa.service.actions.DeleteActionTest"/>
  <testcase name="testGetDb" time="0.003" classname="test.com.tsc9526.monalisa.service.actions.GetActionTest"/>
  <testcase name="testGetDbInvalidName" time="0.01" classname="test.com.tsc9526.monalisa.service.actions.GetActionTest"/>
  <testcase name="testGetDbTable1" time="0.015" classname="test.com.tsc9526.monalisa.service.actions.GetActionTest"/>
  <testcase name="testGetDbTable2" time="0.004" classname="test.com.tsc9526.monalisa.service.actions.GetActionTest"/>
  <testcase name="testGetDbTableFilter01" time="0.003" classname="test.com.tsc9526.monalisa.service.actions.GetActionTest"/>
  <testcase name="testGetDbTableFilter02" time="0.004" classname="test.com.tsc9526.monalisa.service.actions.GetActionTest"/>
  <testcase name="testGetDbTableFilter03" time="0.003" classname="test.com.tsc9526.monalisa.service.actions.GetActionTest"/>
  <testcase name="testGetDbTableFilter04" time="0.003" classname="test.com.tsc9526.monalisa.service.actions.GetActionTest"/>
  <testcase name="testGetDbTableNotExist" time="0.003" classname="test.com.tsc9526.monalisa.service.actions.GetActionTest"/>
  <testcase name="testGetDbTablePk1" time="0.005" classname="test.com.tsc9526.monalisa.service.actions.GetActionTest"/>
  <testcase name="testGetDbTablePkWithColumnName" time="0.006" classname="test.com.tsc9526.monalisa.service.actions.GetActionTest"/>
  <testcase name="testGetDbTablePkWithJavaName" time="0.004" classname="test.com.tsc9526.monalisa.service.actions.GetActionTest"/>
  <testcase name="testGetDbTableWithuQalifier" time="0.003" classname="test.com.tsc9526.monalisa.service.actions.GetActionTest"/>
  <testcase name="testDeleteAll" time="0.002" classname="test.com.tsc9526.monalisa.service.actions.OnlyActionTest"/>
  <testcase name="testDeleteByPk" time="0.008" classname="test.com.tsc9526.monalisa.service.actions.OnlyActionTest"/>
  <testcase name="testGet" time="0.005" classname="test.com.tsc9526.monalisa.service.actions.OnlyActionTest"/>
  <testcase name="testPost" time="0.002" classname="test.com.tsc9526.monalisa.service.actions.OnlyActionTest"/>
  <testcase name="testPut" time="0.002" classname="test.com.tsc9526.monalisa.service.actions.OnlyActionTest"/>
  <testcase name="testPostDbTableByMultiKeys" time="0.012" classname="test.com.tsc9526.monalisa.service.actions.PostActionTest"/>
  <testcase name="testPostDbTableByPk" time="0.01" classname="test.com.tsc9526.monalisa.service.actions.PostActionTest"/>
  <testcase name="testPostDbTableNone" time="0.002" classname="test.com.tsc9526.monalisa.service.actions.PostActionTest"/>
  <testcase name="testPostDbTableRow1" time="0.012" classname="test.com.tsc9526.monalisa.service.actions.PostActionTest"/>
  <testcase name="testPostDbTableRow2" time="0.016" classname="test.com.tsc9526.monalisa.service.actions.PostActionTest"/>
  <testcase name="testPostMultiTables" time="0.02" classname="test.com.tsc9526.monalisa.service.actions.PostActionTest"/>
  <testcase name="testPutDbTableByMultiKeys" time="0.01" classname="test.com.tsc9526.monalisa.service.actions.PutActionTest"/>
  <testcase name="testPutDbTableByPk" time="0.01" classname="test.com.tsc9526.monalisa.service.actions.PutActionTest"/>
  <testcase name="testPutDbTableNone" time="0.001" classname="test.com.tsc9526.monalisa.service.actions.PutActionTest"/>
  <testcase name="testPutDbTableRow1" time="0.001" classname="test.com.tsc9526.monalisa.service.actions.PutActionTest"/>
</testsuite> <!-- Command line test -->
