<?xml version="1.0" encoding="UTF-8"?>
<testng-results skipped="0" failed="0" total="3" passed="3">
  <reporter-output>
  </reporter-output>
  <suite name="Default suite" duration-ms="800" started-at="2017-03-13T05:50:43Z" finished-at="2017-03-13T05:50:44Z">
    <groups>
    </groups>
    <test name="Default test" duration-ms="800" started-at="2017-03-13T05:50:43Z" finished-at="2017-03-13T05:50:44Z">
      <class name="test.com.tsc9526.monalisa.service.actions.DeleteActionTest">
        <test-method status="PASS" signature="setup()[pri:0, instance:test.com.tsc9526.monalisa.service.actions.DeleteActionTest@19bb089b]" name="setup" is-config="true" duration-ms="665" started-at="2017-03-13T13:50:43Z" finished-at="2017-03-13T13:50:44Z">
          <reporter-output>
          </reporter-output>
        </test-method> <!-- setup -->
        <test-method status="PASS" signature="testDeleteDbTableByMultiKeys()[pri:0, instance:test.com.tsc9526.monalisa.service.actions.DeleteActionTest@19bb089b]" name="testDeleteDbTableByMultiKeys" duration-ms="73" started-at="2017-03-13T13:50:44Z" finished-at="2017-03-13T13:50:44Z">
          <reporter-output>
          </reporter-output>
        </test-method> <!-- testDeleteDbTableByMultiKeys -->
        <test-method status="PASS" signature="testDeleteDbTableByPk()[pri:0, instance:test.com.tsc9526.monalisa.service.actions.DeleteActionTest@19bb089b]" name="testDeleteDbTableByPk" duration-ms="15" started-at="2017-03-13T13:50:44Z" finished-at="2017-03-13T13:50:44Z">
          <reporter-output>
          </reporter-output>
        </test-method> <!-- testDeleteDbTableByPk -->
        <test-method status="PASS" signature="testDeleteDbTableByWhere()[pri:0, instance:test.com.tsc9526.monalisa.service.actions.DeleteActionTest@19bb089b]" name="testDeleteDbTableByWhere" duration-ms="18" started-at="2017-03-13T13:50:44Z" finished-at="2017-03-13T13:50:44Z">
          <reporter-output>
          </reporter-output>
        </test-method> <!-- testDeleteDbTableByWhere -->
        <test-method status="PASS" signature="testDeleteAllTable()[pri:0, instance:test.com.tsc9526.monalisa.service.actions.DeleteActionTest@19bb089b]" name="testDeleteAllTable" is-config="true" duration-ms="3" started-at="2017-03-13T13:50:44Z" finished-at="2017-03-13T13:50:44Z">
          <reporter-output>
          </reporter-output>
        </test-method> <!-- testDeleteAllTable -->
      </class> <!-- test.com.tsc9526.monalisa.service.actions.DeleteActionTest -->
    </test> <!-- Default test -->
  </suite> <!-- Default suite -->
</testng-results>
